<?xml version="1.0" encoding="UTF-8"?>
<!-- Generated by org.testng.reporters.JUnitReportReporter -->
<testsuite skipped="0" hostname="LAPTOP-2VI2T4UC" name="testNGConcepts.TC010_InvocationCountConcept" tests="1" failures="0" timestamp="11 Jan 2021 02:33:17 GMT" time="0.016" errors="0">
  <testcase name="login" time="0.016" classname="testNGConcepts.TC010_InvocationCountConcept"/>
</testsuite> <!-- testNGConcepts.TC010_InvocationCountConcept -->
