<?xml version="1.0" encoding="UTF-8"?>
<!-- Generated by org.testng.reporters.JUnitReportReporter -->
<testsuite skipped="5" hostname="LAPTOP-2VI2T4UC" name="testNGConcepts.TC008_EnabledConcept" tests="10" failures="0" timestamp="09 Dec 2020 03:43:13 GMT" time="66.638" errors="0">
  <testcase name="loginTest" time="16.046" classname="testNGConcepts.TC008_EnabledConcept"/>
  <testcase name="loginWithSSOTest" time="13.515" classname="testNGConcepts.TC008_EnabledConcept"/>
  <testcase name="signUpLinkTest1" time="12.228" classname="testNGConcepts.TC008_EnabledConcept"/>
  <testcase name="forgotUserNameAndPasswordTest1" time="12.699" classname="testNGConcepts.TC008_EnabledConcept"/>
  <testcase name="loginWithSSOTest1" time="12.150" classname="testNGConcepts.TC008_EnabledConcept"/>
  <testcase name="pageTitleTest1" classname="testNGConcepts.TC008_EnabledConcept">
    <skipped/>
  </testcase> <!-- pageTitleTest1 -->
  <testcase name="signUpLinkTest" classname="testNGConcepts.TC008_EnabledConcept">
    <skipped/>
  </testcase> <!-- signUpLinkTest -->
  <testcase name="forgotUserNameAndPasswordTest" classname="testNGConcepts.TC008_EnabledConcept">
    <skipped/>
  </testcase> <!-- forgotUserNameAndPasswordTest -->
  <testcase name="pageTitleTest" classname="testNGConcepts.TC008_EnabledConcept">
    <skipped/>
  </testcase> <!-- pageTitleTest -->
  <testcase name="loginTest1" classname="testNGConcepts.TC008_EnabledConcept">
    <skipped/>
  </testcase> <!-- loginTest1 -->
</testsuite> <!-- testNGConcepts.TC008_EnabledConcept -->
