<?xml version="1.0" encoding="UTF-8"?>
<!-- Generated by org.testng.reporters.JUnitReportReporter -->
<testsuite skipped="0" hostname="LAPTOP-2VI2T4UC" name="testNGConcepts.TC007_LoginTest" tests="5" failures="0" timestamp="09 Dec 2020 03:22:06 GMT" time="71.670" errors="0">
  <testcase name="signUpLinkTest" time="13.010" classname="testNGConcepts.TC007_LoginTest"/>
  <testcase name="pageTitleTest" time="12.337" classname="testNGConcepts.TC007_LoginTest"/>
  <testcase name="loginTest" time="17.175" classname="testNGConcepts.TC007_LoginTest"/>
  <testcase name="forgotUserNameAndPasswordTest" time="12.554" classname="testNGConcepts.TC007_LoginTest"/>
  <testcase name="loginWithSSOTest" time="16.594" classname="testNGConcepts.TC007_LoginTest"/>
</testsuite> <!-- testNGConcepts.TC007_LoginTest -->
