<?xml version="1.0" encoding="UTF-8"?>
<!-- Generated by org.testng.reporters.JUnitReportReporter -->
<testsuite skipped="0" hostname="LAPTOP-2VI2T4UC" name="testNGConcepts.FirstTestNGCode" tests="1" failures="0" timestamp="07 Dec 2020 23:06:59 GMT" time="0.024" errors="0">
  <testcase name="displayMessage" time="0.024" classname="testNGConcepts.FirstTestNGCode"/>
</testsuite> <!-- testNGConcepts.FirstTestNGCode -->
