<?xml version="1.0" encoding="UTF-8"?>
<!-- Generated by org.testng.reporters.JUnitReportReporter -->
<testsuite skipped="0" hostname="LAPTOP-2VI2T4UC" name="testNGConcepts.TC001_DisplayMessages" tests="2" failures="0" timestamp="13 Jan 2021 05:24:32 GMT" time="0.002" errors="0">
  <testcase name="displayMessage" time="0.001" classname="testNGConcepts.TC001_DisplayMessages"/>
  <testcase name="displayName" time="0.001" classname="testNGConcepts.TC001_DisplayMessages"/>
</testsuite> <!-- testNGConcepts.TC001_DisplayMessages -->
