<?xml version="1.0" encoding="UTF-8"?>
<!-- Generated by org.testng.reporters.JUnitReportReporter -->
<testsuite skipped="0" hostname="LAPTOP-2VI2T4UC" name="testNGConcepts.TC003_LoginIntoSurveyMonkeyApplication" tests="3" failures="0" timestamp="13 Jan 2021 05:24:32 GMT" time="21.396" errors="0">
  <testcase name="invokeApplication" time="11.110" classname="testNGConcepts.TC003_LoginIntoSurveyMonkeyApplication"/>
  <testcase name="loginIntoApplication" time="9.211" classname="testNGConcepts.TC003_LoginIntoSurveyMonkeyApplication"/>
  <testcase name="logout" time="1.075" classname="testNGConcepts.TC003_LoginIntoSurveyMonkeyApplication"/>
</testsuite> <!-- testNGConcepts.TC003_LoginIntoSurveyMonkeyApplication -->
