<?xml version="1.0" encoding="UTF-8"?>
<!-- Generated by org.testng.reporters.JUnitReportReporter -->
<testsuite skipped="0" hostname="LAPTOP-2VI2T4UC" name="testNGConcepts.TC002_TestCasesPriority" tests="3" failures="0" timestamp="13 Jan 2021 05:24:32 GMT" time="0.002" errors="0">
  <testcase name="login" time="0.000" classname="testNGConcepts.TC002_TestCasesPriority"/>
  <testcase name="bookTickets" time="0.001" classname="testNGConcepts.TC002_TestCasesPriority"/>
  <testcase name="logout" time="0.001" classname="testNGConcepts.TC002_TestCasesPriority"/>
</testsuite> <!-- testNGConcepts.TC002_TestCasesPriority -->
